<?xml version="1.0" encoding="UTF-8"?>
<!-- Generated by org.testng.reporters.JUnitXMLReporter -->
<testsuite hostname="ICEN110" ignored="0" name="Test" tests="1" failures="0" timestamp="07 Dec 2018 17:10:04 GMT" time="49.318" errors="0">
  <testcase name="@BeforeClass setup" time="49.287" classname="ui.pageobjects.pagehelpers.PageObjectBase">
    <failure type="org.openqa.selenium.WebDriverException" message="Failed to connect to binary FirefoxBinary(C:\Program Files (x86)\Mozilla Firefox\firefox.exe) on port 7055; process output follows: 
02	addons.xpi	DEBUG	Registering manifest for C:\Program Files (x86)\Mozilla Firefox\browser\features\firefox@getpocket.com.xpi
1544202559503	addons.xpi	DEBUG	Calling bootstrap method startup on firefox@getpocket.com version 1.0.2
1544202559504	addons.xpi	DEBUG	Registering manifest for C:\Program Files (x86)\Mozilla Firefox\browser\features\loop@mozilla.org.xpi
1544202559505	addons.xpi	DEBUG	Calling bootstrap method startup on loop@mozilla.org version 1.3.2
1544202559532	addons.xpi	DEBUG	Registering manifest for C:\Program Files (x86)\Mozilla Firefox\browser\features\websensehelper@mozilla.org.xpi
1544202559533	addons.xpi	DEBUG	Calling bootstrap method startup on websensehelper@mozilla.org version 1.0
1544202559537	addons.manager	DEBUG	Registering shutdown blocker for XPIProvider
1544202559537	addons.manager	DEBUG	Provider finished startup: XPIProvider
1544202559537	addons.manager	DEBUG	Starting provider: LightweightThemeManager
1544202559537	addons.manager	DEBUG	Registering shutdown blocker for LightweightThemeManager
1544202559538	addons.manager	DEBUG	Provider finished startup: LightweightThemeManager
1544202559538	addons.manager	DEBUG	Starting provider: GMPProvider
1544202559547	addons.manager	DEBUG	Registering shutdown blocker for GMPProvider
1544202559547	addons.manager	DEBUG	Provider finished startup: GMPProvider
1544202559547	addons.manager	DEBUG	Starting provider: PluginProvider
1544202559547	addons.manager	DEBUG	Registering shutdown blocker for PluginProvider
1544202559551	addons.manager	DEBUG	Provider finished startup: PluginProvider
1544202559552	addons.manager	DEBUG	Completed startup sequence
[GFX1]: Potential driver version mismatch ignored due to missing DLLs 0.0.0.0 and 0.0.0.0
1544202561412	addons.manager	DEBUG	Starting provider: &amp;lt;unnamed-provider&amp;gt;
1544202561413	addons.manager	DEBUG	Registering shutdown blocker for &amp;lt;unnamed-provider&amp;gt;
1544202561413	addons.manager	DEBUG	Provider finished startup: &amp;lt;unnamed-provider&amp;gt;
1544202562422	DeferredSave.extensions.json	DEBUG	Write succeeded
1544202562423	addons.xpi-utils	DEBUG	XPI Database saved, setting schema version preference to 17
1544202562423	DeferredSave.extensions.json	DEBUG	Starting timer
1544202562444	addons.repository	DEBUG	No addons.json found.
1544202562445	DeferredSave.addons.json	DEBUG	Save changes
1544202562447	DeferredSave.addons.json	DEBUG	Starting timer
1544202562529	addons.manager	DEBUG	Starting provider: PreviousExperimentProvider
1544202562529	addons.manager	DEBUG	Registering shutdown blocker for PreviousExperimentProvider
1544202562530	addons.manager	DEBUG	Provider finished startup: PreviousExperimentProvider
1544202562533	DeferredSave.extensions.json	DEBUG	Starting write
1544202562539	DeferredSave.addons.json	DEBUG	Starting write
1544202562561	DeferredSave.extensions.json	DEBUG	Write succeeded
1544202562570	DeferredSave.addons.json	DEBUG	Write succeeded
1544202572210	addons.xpi	DEBUG	Calling bootstrap method shutdown on e10srollout@mozilla.org version 1.0
1544202572210	addons.xpi	DEBUG	Calling bootstrap method shutdown on firefox@getpocket.com version 1.0.2
1544202572211	addons.xpi	DEBUG	Calling bootstrap method shutdown on loop@mozilla.org version 1.3.2
1544202572213	addons.xpi	DEBUG	Calling bootstrap method shutdown on websensehelper@mozilla.org version 1.0
1544202572681	addons.manager	DEBUG	shutdown
1544202572682	addons.manager	DEBUG	Calling shutdown blocker for XPIProvider
1544202572683	addons.xpi	DEBUG	shutdown
1544202572683	addons.xpi-utils	DEBUG	shutdown
1544202572684	addons.manager	DEBUG	Calling shutdown blocker for LightweightThemeManager
1544202572684	addons.manager	DEBUG	Calling shutdown blocker for GMPProvider
1544202572688	addons.manager	DEBUG	Calling shutdown blocker for PluginProvider
1544202572688	addons.manager	DEBUG	Calling shutdown blocker for &amp;lt;unnamed-provider&amp;gt;
1544202572691	addons.manager	DEBUG	Calling shutdown blocker for PreviousExperimentProvider
1544202572696	addons.xpi	DEBUG	Notifying XPI shutdown observers
1544202572702	addons.manager	DEBUG	Async provider shutdown done

Build info: version: &amp;apos;2.53.1&amp;apos;, revision: &amp;apos;a36b8b1cd5757287168e54b817830adce9b0158d&amp;apos;, time: &amp;apos;2016-06-30 19:26:09&amp;apos;
System info: host: &amp;apos;ICEN110&amp;apos;, ip: &amp;apos;192.168.1.4&amp;apos;, os.name: &amp;apos;Windows 10&amp;apos;, os.arch: &amp;apos;amd64&amp;apos;, os.version: &amp;apos;10.0&amp;apos;, java.version: &amp;apos;1.8.0_181&amp;apos;
Driver info: driver.version: FirefoxDriver">
      <![CDATA[org.openqa.selenium.WebDriverException: Failed to connect to binary FirefoxBinary(C:\Program Files (x86)\Mozilla Firefox\firefox.exe) on port 7055; process output follows: 
02addons.xpiDEBUGRegistering manifest for C:\Program Files (x86)\Mozilla Firefox\browser\features\firefox@getpocket.com.xpi
1544202559503addons.xpiDEBUGCalling bootstrap method startup on firefox@getpocket.com version 1.0.2
1544202559504addons.xpiDEBUGRegistering manifest for C:\Program Files (x86)\Mozilla Firefox\browser\features\loop@mozilla.org.xpi
1544202559505addons.xpiDEBUGCalling bootstrap method startup on loop@mozilla.org version 1.3.2
1544202559532addons.xpiDEBUGRegistering manifest for C:\Program Files (x86)\Mozilla Firefox\browser\features\websensehelper@mozilla.org.xpi
1544202559533addons.xpiDEBUGCalling bootstrap method startup on websensehelper@mozilla.org version 1.0
1544202559537addons.managerDEBUGRegistering shutdown blocker for XPIProvider
1544202559537addons.managerDEBUGProvider finished startup: XPIProvider
1544202559537addons.managerDEBUGStarting provider: LightweightThemeManager
1544202559537addons.managerDEBUGRegistering shutdown blocker for LightweightThemeManager
1544202559538addons.managerDEBUGProvider finished startup: LightweightThemeManager
1544202559538addons.managerDEBUGStarting provider: GMPProvider
1544202559547addons.managerDEBUGRegistering shutdown blocker for GMPProvider
1544202559547addons.managerDEBUGProvider finished startup: GMPProvider
1544202559547addons.managerDEBUGStarting provider: PluginProvider
1544202559547addons.managerDEBUGRegistering shutdown blocker for PluginProvider
1544202559551addons.managerDEBUGProvider finished startup: PluginProvider
1544202559552addons.managerDEBUGCompleted startup sequence
[GFX1]: Potential driver version mismatch ignored due to missing DLLs 0.0.0.0 and 0.0.0.0
1544202561412addons.managerDEBUGStarting provider: <unnamed-provider>
1544202561413addons.managerDEBUGRegistering shutdown blocker for <unnamed-provider>
1544202561413addons.managerDEBUGProvider finished startup: <unnamed-provider>
1544202562422DeferredSave.extensions.jsonDEBUGWrite succeeded
1544202562423addons.xpi-utilsDEBUGXPI Database saved, setting schema version preference to 17
1544202562423DeferredSave.extensions.jsonDEBUGStarting timer
1544202562444addons.repositoryDEBUGNo addons.json found.
1544202562445DeferredSave.addons.jsonDEBUGSave changes
1544202562447DeferredSave.addons.jsonDEBUGStarting timer
1544202562529addons.managerDEBUGStarting provider: PreviousExperimentProvider
1544202562529addons.managerDEBUGRegistering shutdown blocker for PreviousExperimentProvider
1544202562530addons.managerDEBUGProvider finished startup: PreviousExperimentProvider
1544202562533DeferredSave.extensions.jsonDEBUGStarting write
1544202562539DeferredSave.addons.jsonDEBUGStarting write
1544202562561DeferredSave.extensions.jsonDEBUGWrite succeeded
1544202562570DeferredSave.addons.jsonDEBUGWrite succeeded
1544202572210addons.xpiDEBUGCalling bootstrap method shutdown on e10srollout@mozilla.org version 1.0
1544202572210addons.xpiDEBUGCalling bootstrap method shutdown on firefox@getpocket.com version 1.0.2
1544202572211addons.xpiDEBUGCalling bootstrap method shutdown on loop@mozilla.org version 1.3.2
1544202572213addons.xpiDEBUGCalling bootstrap method shutdown on websensehelper@mozilla.org version 1.0
1544202572681addons.managerDEBUGshutdown
1544202572682addons.managerDEBUGCalling shutdown blocker for XPIProvider
1544202572683addons.xpiDEBUGshutdown
1544202572683addons.xpi-utilsDEBUGshutdown
1544202572684addons.managerDEBUGCalling shutdown blocker for LightweightThemeManager
1544202572684addons.managerDEBUGCalling shutdown blocker for GMPProvider
1544202572688addons.managerDEBUGCalling shutdown blocker for PluginProvider
1544202572688addons.managerDEBUGCalling shutdown blocker for <unnamed-provider>
1544202572691addons.managerDEBUGCalling shutdown blocker for PreviousExperimentProvider
1544202572696addons.xpiDEBUGNotifying XPI shutdown observers
1544202572702addons.managerDEBUGAsync provider shutdown done

Build info: version: '2.53.1', revision: 'a36b8b1cd5757287168e54b817830adce9b0158d', time: '2016-06-30 19:26:09'
System info: host: 'ICEN110', ip: '192.168.1.4', os.name: 'Windows 10', os.arch: 'amd64', os.version: '10.0', java.version: '1.8.0_181'
Driver info: driver.version: FirefoxDriver
at org.openqa.selenium.firefox.internal.NewProfileExtensionConnection.start(NewProfileExtensionConnection.java:125)
at org.openqa.selenium.firefox.FirefoxDriver.startClient(FirefoxDriver.java:271)
at org.openqa.selenium.remote.RemoteWebDriver.<init>(RemoteWebDriver.java:119)
at org.openqa.selenium.firefox.FirefoxDriver.<init>(FirefoxDriver.java:216)
at org.openqa.selenium.firefox.FirefoxDriver.<init>(FirefoxDriver.java:211)
at org.openqa.selenium.firefox.FirefoxDriver.<init>(FirefoxDriver.java:128)
at ui.pageobjects.pagehelpers.PageObjectBase.setup(PageObjectBase.java:80)
Caused by: org.openqa.selenium.firefox.NotConnectedException: Unable to connect to host 127.0.0.1 on port 7055 after 45000 ms. Firefox console output:
02addons.xpiDEBUGRegistering manifest for C:\Program Files (x86)\Mozilla Firefox\browser\features\firefox@getpocket.com.xpi
1544202559503addons.xpiDEBUGCalling bootstrap method startup on firefox@getpocket.com version 1.0.2
1544202559504addons.xpiDEBUGRegistering manifest for C:\Program Files (x86)\Mozilla Firefox\browser\features\loop@mozilla.org.xpi
1544202559505addons.xpiDEBUGCalling bootstrap method startup on loop@mozilla.org version 1.3.2
1544202559532addons.xpiDEBUGRegistering manifest for C:\Program Files (x86)\Mozilla Firefox\browser\features\websensehelper@mozilla.org.xpi
1544202559533addons.xpiDEBUGCalling bootstrap method startup on websensehelper@mozilla.org version 1.0
1544202559537addons.managerDEBUGRegistering shutdown blocker for XPIProvider
1544202559537addons.managerDEBUGProvider finished startup: XPIProvider
1544202559537addons.managerDEBUGStarting provider: LightweightThemeManager
1544202559537addons.managerDEBUGRegistering shutdown blocker for LightweightThemeManager
1544202559538addons.managerDEBUGProvider finished startup: LightweightThemeManager
1544202559538addons.managerDEBUGStarting provider: GMPProvider
1544202559547addons.managerDEBUGRegistering shutdown blocker for GMPProvider
1544202559547addons.managerDEBUGProvider finished startup: GMPProvider
1544202559547addons.managerDEBUGStarting provider: PluginProvider
1544202559547addons.managerDEBUGRegistering shutdown blocker for PluginProvider
1544202559551addons.managerDEBUGProvider finished startup: PluginProvider
1544202559552addons.managerDEBUGCompleted startup sequence
[GFX1]: Potential driver version mismatch ignored due to missing DLLs 0.0.0.0 and 0.0.0.0
1544202561412addons.managerDEBUGStarting provider: <unnamed-provider>
1544202561413addons.managerDEBUGRegistering shutdown blocker for <unnamed-provider>
1544202561413addons.managerDEBUGProvider finished startup: <unnamed-provider>
1544202562422DeferredSave.extensions.jsonDEBUGWrite succeeded
1544202562423addons.xpi-utilsDEBUGXPI Database saved, setting schema version preference to 17
1544202562423DeferredSave.extensions.jsonDEBUGStarting timer
1544202562444addons.repositoryDEBUGNo addons.json found.
1544202562445DeferredSave.addons.jsonDEBUGSave changes
1544202562447DeferredSave.addons.jsonDEBUGStarting timer
1544202562529addons.managerDEBUGStarting provider: PreviousExperimentProvider
1544202562529addons.managerDEBUGRegistering shutdown blocker for PreviousExperimentProvider
1544202562530addons.managerDEBUGProvider finished startup: PreviousExperimentProvider
1544202562533DeferredSave.extensions.jsonDEBUGStarting write
1544202562539DeferredSave.addons.jsonDEBUGStarting write
1544202562561DeferredSave.extensions.jsonDEBUGWrite succeeded
1544202562570DeferredSave.addons.jsonDEBUGWrite succeeded
1544202572210addons.xpiDEBUGCalling bootstrap method shutdown on e10srollout@mozilla.org version 1.0
1544202572210addons.xpiDEBUGCalling bootstrap method shutdown on firefox@getpocket.com version 1.0.2
1544202572211addons.xpiDEBUGCalling bootstrap method shutdown on loop@mozilla.org version 1.3.2
1544202572213addons.xpiDEBUGCalling bootstrap method shutdown on websensehelper@mozilla.org version 1.0
1544202572681addons.managerDEBUGshutdown
1544202572682addons.managerDEBUGCalling shutdown blocker for XPIProvider
1544202572683addons.xpiDEBUGshutdown
1544202572683addons.xpi-utilsDEBUGshutdown
1544202572684addons.managerDEBUGCalling shutdown blocker for LightweightThemeManager
1544202572684addons.managerDEBUGCalling shutdown blocker for GMPProvider
1544202572688addons.managerDEBUGCalling shutdown blocker for PluginProvider
1544202572688addons.managerDEBUGCalling shutdown blocker for <unnamed-provider>
1544202572691addons.managerDEBUGCalling shutdown blocker for PreviousExperimentProvider
1544202572696addons.xpiDEBUGNotifying XPI shutdown observers
1544202572702addons.managerDEBUGAsync provider shutdown done

at org.openqa.selenium.firefox.internal.NewProfileExtensionConnection.start(NewProfileExtensionConnection.java:113)
... 32 more
... Removed 26 stack frames]]>
    </failure>
  </testcase> <!-- @BeforeClass setup -->
  <testcase name="@BeforeMethod config" time="0.0" classname="ui.pageobjects.pagehelpers.PageObjectBase">
    <skipped/>
  </testcase> <!-- @BeforeMethod config -->
  <testcase name="@AfterMethod tearDown" time="0.0" classname="ui.pageobjects.pagehelpers.PageObjectBase">
    <skipped/>
  </testcase> <!-- @AfterMethod tearDown -->
  <testcase name="@AfterClass tearDown" time="0.0" classname="ui.pageobjects.pagehelpers.PageObjectBase">
    <skipped/>
  </testcase> <!-- @AfterClass tearDown -->
  <testcase name="testEmployeeRoleMapping" time="0.0" classname="testcases.TestEmployeeRoleMapping">
    <skipped/>
  </testcase> <!-- testEmployeeRoleMapping -->
</testsuite> <!-- Test -->
