<?xml version="1.0" encoding="UTF-8"?>
<!-- Generated by org.testng.reporters.JUnitXMLReporter -->
<testsuite hostname="MacBook.local" name="Test" tests="1" failures="0" timestamp="10 Oct 2018 16:49:13 GMT" time="0.877" errors="0">
  <testcase name="@BeforeClass setup" time="0.0" classname="testcases.TC_01_Login">
    <failure type="java.lang.NoClassDefFoundError" message="org/openqa/selenium/firefox/FirefoxDriver">
      <![CDATA[java.lang.NoClassDefFoundError: org/openqa/selenium/firefox/FirefoxDriver
	at ui.pageobjects.pagehelpers.PageObjectBase.setup(PageObjectBase.java:73)
Caused by: java.lang.ClassNotFoundException: org.openqa.selenium.firefox.FirefoxDriver
	at java.net.URLClassLoader.findClass(URLClassLoader.java:381)
	at java.lang.ClassLoader.loadClass(ClassLoader.java:424)
	at sun.misc.Launcher$AppClassLoader.loadClass(Launcher.java:331)
	at java.lang.ClassLoader.loadClass(ClassLoader.java:357)
	... 28 more
... Removed 27 stack frames]]>
    </failure>
  </testcase> <!-- @BeforeClass setup -->
  <testcase name="@BeforeMethod config" time="0.0" classname="testcases.TC_01_Login">
    <skipped/>
  </testcase> <!-- @BeforeMethod config -->
  <testcase name="@AfterMethod tearDown" time="0.0" classname="testcases.TC_01_Login">
    <skipped/>
  </testcase> <!-- @AfterMethod tearDown -->
  <testcase name="@AfterClass tearDown" time="0.0" classname="testcases.TC_01_Login">
    <skipped/>
  </testcase> <!-- @AfterClass tearDown -->
  <testcase name="testLogin_ValidCredentials" time="0.001" classname="testcases.TC_01_Login">
    <skipped/>
  </testcase> <!-- testLogin_ValidCredentials -->
</testsuite> <!-- Test -->
