<?xml version="1.0" encoding="UTF-8"?>
<testng-results skipped="1" failed="0" total="1" passed="0">
  <reporter-output>
  </reporter-output>
  <suite name="Suite" duration-ms="877" started-at="2018-10-10T16:49:12Z" finished-at="2018-10-10T16:49:13Z">
    <groups>
    </groups>
    <test name="Test" duration-ms="877" started-at="2018-10-10T16:49:12Z" finished-at="2018-10-10T16:49:13Z">
      <class name="testcases.TC_01_Login">
        <test-method status="FAIL" signature="setup(java.lang.String, java.lang.String)[pri:0, instance:testcases.TC_01_Login@38082d64]" name="setup" is-config="true" duration-ms="0" started-at="2018-10-10T22:19:12Z" finished-at="2018-10-10T22:19:12Z">
          <params>
            <param index="0">
              <value>
                <![CDATA[firefox]]>
              </value>
            </param>
            <param index="1">
              <value>
                <![CDATA[dev]]>
              </value>
            </param>
          </params>
          <exception class="java.lang.NoClassDefFoundError">
            <message>
              <![CDATA[org/openqa/selenium/firefox/FirefoxDriver]]>
            </message>
            <full-stacktrace>
              <![CDATA[java.lang.NoClassDefFoundError: org/openqa/selenium/firefox/FirefoxDriver
	at ui.pageobjects.pagehelpers.PageObjectBase.setup(PageObjectBase.java:73)
	at sun.reflect.NativeMethodAccessorImpl.invoke0(Native Method)
	at sun.reflect.NativeMethodAccessorImpl.invoke(NativeMethodAccessorImpl.java:62)
	at sun.reflect.DelegatingMethodAccessorImpl.invoke(DelegatingMethodAccessorImpl.java:43)
	at java.lang.reflect.Method.invoke(Method.java:498)
	at org.testng.internal.MethodInvocationHelper.invokeMethod(MethodInvocationHelper.java:85)
	at org.testng.internal.Invoker.invokeConfigurationMethod(Invoker.java:510)
	at org.testng.internal.Invoker.invokeConfigurations(Invoker.java:211)
	at org.testng.internal.Invoker.invokeConfigurations(Invoker.java:138)
	at org.testng.internal.TestMethodWorker.invokeBeforeClassMethods(TestMethodWorker.java:170)
	at org.testng.internal.TestMethodWorker.run(TestMethodWorker.java:104)
	at org.testng.TestRunner.privateRun(TestRunner.java:774)
	at org.testng.TestRunner.run(TestRunner.java:624)
	at org.testng.SuiteRunner.runTest(SuiteRunner.java:359)
	at org.testng.SuiteRunner.runSequentially(SuiteRunner.java:354)
	at org.testng.SuiteRunner.privateRun(SuiteRunner.java:312)
	at org.testng.SuiteRunner.run(SuiteRunner.java:261)
	at org.testng.SuiteRunnerWorker.runSuite(SuiteRunnerWorker.java:52)
	at org.testng.SuiteRunnerWorker.run(SuiteRunnerWorker.java:86)
	at org.testng.TestNG.runSuitesSequentially(TestNG.java:1215)
	at org.testng.TestNG.runSuitesLocally(TestNG.java:1140)
	at org.testng.TestNG.run(TestNG.java:1048)
	at org.apache.maven.surefire.testng.TestNGExecutor.run(TestNGExecutor.java:295)
	at org.apache.maven.surefire.testng.TestNGXmlTestSuite.execute(TestNGXmlTestSuite.java:84)
	at org.apache.maven.surefire.testng.TestNGProvider.invoke(TestNGProvider.java:90)
	at org.apache.maven.surefire.booter.ForkedBooter.invokeProviderInSameClassLoader(ForkedBooter.java:203)
	at org.apache.maven.surefire.booter.ForkedBooter.runSuitesInProcess(ForkedBooter.java:155)
	at org.apache.maven.surefire.booter.ForkedBooter.main(ForkedBooter.java:103)
Caused by: java.lang.ClassNotFoundException: org.openqa.selenium.firefox.FirefoxDriver
	at java.net.URLClassLoader.findClass(URLClassLoader.java:381)
	at java.lang.ClassLoader.loadClass(ClassLoader.java:424)
	at sun.misc.Launcher$AppClassLoader.loadClass(Launcher.java:331)
	at java.lang.ClassLoader.loadClass(ClassLoader.java:357)
	... 28 more
]]>
            </full-stacktrace>
          </exception> <!-- java.lang.NoClassDefFoundError -->
          <reporter-output>
          </reporter-output>
        </test-method> <!-- setup -->
        <test-method status="SKIP" signature="testLogin_ValidCredentials()[pri:0, instance:testcases.TC_01_Login@38082d64]" name="testLogin_ValidCredentials" duration-ms="1" started-at="2018-10-10T22:19:13Z" finished-at="2018-10-10T22:19:13Z">
          <reporter-output>
          </reporter-output>
        </test-method> <!-- testLogin_ValidCredentials -->
        <test-method status="SKIP" signature="config(java.lang.reflect.Method)[pri:0, instance:testcases.TC_01_Login@38082d64]" name="config" is-config="true" duration-ms="0" started-at="2018-10-10T22:19:13Z" finished-at="2018-10-10T22:19:13Z">
          <reporter-output>
          </reporter-output>
        </test-method> <!-- config -->
        <test-method status="SKIP" signature="tearDown(org.testng.ITestResult)[pri:0, instance:testcases.TC_01_Login@38082d64]" name="tearDown" is-config="true" duration-ms="0" started-at="2018-10-10T22:19:13Z" finished-at="2018-10-10T22:19:13Z">
          <reporter-output>
          </reporter-output>
        </test-method> <!-- tearDown -->
        <test-method status="SKIP" signature="tearDown(java.lang.String)[pri:0, instance:testcases.TC_01_Login@38082d64]" name="tearDown" is-config="true" duration-ms="0" started-at="2018-10-10T22:19:13Z" finished-at="2018-10-10T22:19:13Z">
          <reporter-output>
          </reporter-output>
        </test-method> <!-- tearDown -->
      </class> <!-- testcases.TC_01_Login -->
    </test> <!-- Test -->
  </suite> <!-- Suite -->
</testng-results>
